TN:
SF:events.js
FNF:0
FNH:0
DA:3,1
DA:4,1
DA:8,1
LF:3
LH:3
BRF:0
BRH:0
end_of_record
TN:
SF:modals/caps.js
FN:17,(anonymous_0)
FN:28,(anonymous_1)
FN:49,(anonymous_2)
FNF:3
FNH:2
FNDA:0,(anonymous_0)
FNDA:4,(anonymous_1)
FNDA:12,(anonymous_2)
DA:4,1
DA:5,1
DA:6,1
DA:7,1
DA:8,1
DA:11,1
DA:12,1
DA:13,1
DA:14,1
DA:15,1
DA:17,1
DA:18,0
DA:24,0
DA:28,1
DA:29,4
DA:35,4
DA:49,4
DA:50,12
DA:56,12
DA:61,1
LF:20
LH:18
BRF:0
BRH:0
end_of_record
TN:
SF:modals/driver.js
FN:6,(anonymous_0)
FN:8,(anonymous_1)
FN:14,(anonymous_2)
FN:15,(anonymous_3)
FNF:4
FNH:1
FNDA:0,(anonymous_0)
FNDA:0,(anonymous_1)
FNDA:4,(anonymous_2)
FNDA:0,(anonymous_3)
DA:3,1
DA:6,1
DA:8,0
DA:9,0
DA:10,0
DA:14,1
DA:15,4
DA:16,0
DA:17,0
DA:23,1
LF:10
LH:5
BRF:0
BRH:0
end_of_record
TN:
SF:modals/vendor.js
FN:8,(anonymous_0)
FN:9,(anonymous_1)
FN:24,(anonymous_2)
FNF:3
FNH:0
FNDA:0,(anonymous_0)
FNDA:0,(anonymous_1)
FNDA:0,(anonymous_2)
DA:3,1
DA:5,1
DA:6,1
DA:8,1
DA:9,0
DA:10,0
DA:19,0
DA:24,1
DA:25,0
DA:26,0
DA:38,1
LF:11
LH:6
BRDA:12,0,0,0
BRDA:12,0,1,0
BRF:2
BRH:0
end_of_record
